<?xml version="1.0" encoding="UTF-8"?>
<!-- Generated by org.testng.reporters.JUnitReportReporter -->
<testsuite hostname="Jannats-Air.fios-router.home" failures="0" tests="1" name="TestRunner" time="9.064" errors="0" timestamp="2021-10-28T15:28:43 EDT" skipped="0">
  <testcase classname="TestRunner" name="runScenario" time="9.064"/>
  <system-out/>
</testsuite> <!-- TestRunner -->
